[2025-12-05 21:48:21]    USDT余额: 25622.8868391558
[2025-12-05 21:48:26] 
📊 K线更新: O=90334.0, H=90435.8, L=90334.0, C=90435.8, V=4.2919
[2025-12-05 21:48:26] 
📊 K线更新: O=90334.0, H=90437.0, L=90334.0, C=90437.0, V=4.3951
[2025-12-05 21:48:27] 
📊 K线更新: O=90334.0, H=90440.0, L=90334.0, C=90440.0, V=4.3953
[2025-12-05 21:48:27] 
🎯 信号检查:
[2025-12-05 21:48:27]    趋势: 上涨
[2025-12-05 21:48:27]    买盘占比: 100.0%
[2025-12-05 21:48:27]    ✅ 做多信号！（上涨趋势 + 买盘占优）
[2025-12-05 21:48:27] 
📤 准备下单:
[2025-12-05 21:48:27]    方向: 买入（做多）
[2025-12-05 21:48:27]    价格: 90440.50 USDT
[2025-12-05 21:48:27]    数量: 0.01 BTC
[2025-12-05 21:48:28]    ❌ 下单失败: {'code': '1', 'data': [{'clOrdId': 'strategy_1764942507391', 'ordId': '', 'sCode': '51000', 'sMsg': 'Parameter clOrdId error', 'tag': '', 'ts': '1764942508116'}], 'inTime': '1764942508116482', 'msg': 'All operations failed', 'outTime': '1764942508116574'}
[2025-12-05 21:48:28] 
📊 K线更新: O=90334.0, H=90440.5, L=90334.0, C=90440.5, V=4.3954
[2025-12-05 21:48:28] 
🎯 信号检查:
[2025-12-05 21:48:28]    趋势: 上涨
[2025-12-05 21:48:28]    买盘占比: 100.0%
[2025-12-05 21:48:28]    ✅ 做多信号！（上涨趋势 + 买盘占优）
[2025-12-05 21:48:28] 
📤 准备下单:
[2025-12-05 21:48:28]    方向: 买入（做多）
[2025-12-05 21:48:28]    价格: 90441.00 USDT
[2025-12-05 21:48:28]    数量: 0.01 BTC
[2025-12-05 21:48:38]    ❌ 下单异常: Request failed: HTTPSConnectionPool(host='www.okx.com', port=443): Read timed out. (read timeout=10)
[2025-12-05 21:48:38] 
📊 K线更新: O=90334.0, H=90442.0, L=90334.0, C=90442.0, V=4.4385
[2025-12-05 21:48:38] 
🎯 信号检查:
[2025-12-05 21:48:38]    趋势: 上涨
[2025-12-05 21:48:38]    买盘占比: 100.0%
[2025-12-05 21:48:38]    ✅ 做多信号！（上涨趋势 + 买盘占优）
[2025-12-05 21:48:38] 
📤 准备下单:
[2025-12-05 21:48:38]    方向: 买入（做多）
[2025-12-05 21:48:38]    价格: 90441.00 USDT
[2025-12-05 21:48:38]    数量: 0.01 BTC
[2025-12-05 21:48:40]    ❌ 下单失败: {'code': '1', 'data': [{'clOrdId': 'strategy_1764942518450', 'ordId': '', 'sCode': '51000', 'sMsg': 'Parameter clOrdId error', 'tag': '', 'ts': '1764942520098'}], 'inTime': '1764942520098194', 'msg': 'All operations failed', 'outTime': '1764942520098329'}
[2025-12-05 21:48:40] 
📊 K线更新: O=90334.0, H=90442.0, L=90334.0, C=90440.0, V=4.6111
[2025-12-05 21:48:40] 
📊 K线更新: O=90334.0, H=90442.0, L=90334.0, C=90435.3, V=4.7946
[2025-12-05 21:48:40] 
🎯 信号检查:
[2025-12-05 21:48:40]    趋势: 下跌
[2025-12-05 21:48:40]    买盘占比: 0.0%
[2025-12-05 21:48:40]    ✅ 做空信号！（下跌趋势 + 卖盘占优）
[2025-12-05 21:48:40]    ⚠️  现货无法做空，跳过
[2025-12-05 21:48:40] 
============================================================
[2025-12-05 21:48:40] 策略开始运行 - 运行时长: 120秒
[2025-12-05 21:48:40] ============================================================
[2025-12-05 21:48:41] 
📊 K线更新: O=90334.0, H=90442.0, L=90334.0, C=90425.3, V=4.8666
[2025-12-05 21:48:41] 
🎯 信号检查:
[2025-12-05 21:48:41]    趋势: 下跌
[2025-12-05 21:48:41]    买盘占比: 0.0%
[2025-12-05 21:48:41]    ✅ 做空信号！（下跌趋势 + 卖盘占优）
[2025-12-05 21:48:41]    ⚠️  现货无法做空，跳过
[2025-12-05 21:48:45] 
📊 K线更新: O=90334.0, H=90442.0, L=90334.0, C=90423.8, V=4.8680
[2025-12-05 21:48:45] 
🎯 信号检查:
[2025-12-05 21:48:45]    趋势: 下跌
[2025-12-05 21:48:45]    买盘占比: 0.0%
[2025-12-05 21:48:45]    ✅ 做空信号！（下跌趋势 + 卖盘占优）
[2025-12-05 21:48:45]    ⚠️  现货无法做空，跳过
[2025-12-05 21:48:46] 
📊 K线更新: O=90334.0, H=90442.1, L=90334.0, C=90442.1, V=5.0599
[2025-12-05 21:48:47] 
📊 K线更新: O=90334.0, H=90443.7, L=90334.0, C=90443.7, V=5.0883
[2025-12-05 21:48:47] 
🎯 信号检查:
[2025-12-05 21:48:47]    趋势: 上涨
[2025-12-05 21:48:47]    买盘占比: 99.1%
[2025-12-05 21:48:47]    ✅ 做多信号！（上涨趋势 + 买盘占优）
[2025-12-05 21:48:47] 
📤 准备下单:
[2025-12-05 21:48:47]    方向: 买入（做多）
[2025-12-05 21:48:47]    价格: 90444.40 USDT
[2025-12-05 21:48:47]    数量: 0.01 BTC
[2025-12-05 21:48:48]    ❌ 下单失败: {'code': '1', 'data': [{'clOrdId': 'strategy_1764942527574', 'ordId': '', 'sCode': '51000', 'sMsg': 'Parameter clOrdId error', 'tag': '', 'ts': '1764942528355'}], 'inTime': '1764942528354945', 'msg': 'All operations failed', 'outTime': '1764942528355048'}
[2025-12-05 21:48:48] 
📊 K线更新: O=90334.0, H=90444.5, L=90334.0, C=90444.5, V=5.2369
[2025-12-05 21:48:48] 
🎯 信号检查:
[2025-12-05 21:48:48]    趋势: 上涨
[2025-12-05 21:48:48]    买盘占比: 100.0%
[2025-12-05 21:48:48]    ✅ 做多信号！（上涨趋势 + 买盘占优）
[2025-12-05 21:48:48] 
📤 准备下单:
[2025-12-05 21:48:48]    方向: 买入（做多）
[2025-12-05 21:48:48]    价格: 90446.30 USDT
[2025-12-05 21:48:48]    数量: 0.01 BTC
[2025-12-05 21:48:50]    ❌ 下单失败: {'code': '1', 'data': [{'clOrdId': 'strategy_1764942528818', 'ordId': '', 'sCode': '51000', 'sMsg': 'Parameter clOrdId error', 'tag': '', 'ts': '1764942529846'}], 'inTime': '1764942529845958', 'msg': 'All operations failed', 'outTime': '1764942529846148'}
[2025-12-05 21:48:50] 
📊 K线更新: O=90334.0, H=90453.0, L=90334.0, C=90453.0, V=5.2429
[2025-12-05 21:48:50] 
🎯 信号检查:
[2025-12-05 21:48:50]    趋势: 上涨
[2025-12-05 21:48:50]    买盘占比: 90.8%
[2025-12-05 21:48:50]    ✅ 做多信号！（上涨趋势 + 买盘占优）
[2025-12-05 21:48:50] 
📤 准备下单:
[2025-12-05 21:48:50]    方向: 买入（做多）
[2025-12-05 21:48:50]    价格: 90446.30 USDT
[2025-12-05 21:48:50]    数量: 0.01 BTC
[2025-12-05 21:48:52]    ❌ 下单失败: {'code': '1', 'data': [{'clOrdId': 'strategy_1764942530020', 'ordId': '', 'sCode': '51000', 'sMsg': 'Parameter clOrdId error', 'tag': '', 'ts': '1764942531933'}], 'inTime': '1764942531933580', 'msg': 'All operations failed', 'outTime': '1764942531933722'}
[2025-12-05 21:48:52] 
📊 K线更新: O=90334.0, H=90457.5, L=90334.0, C=90457.5, V=5.2547
[2025-12-05 21:48:52] 
🎯 信号检查:
[2025-12-05 21:48:52]    趋势: 上涨
[2025-12-05 21:48:52]    买盘占比: 100.0%
[2025-12-05 21:48:52]    ✅ 做多信号！（上涨趋势 + 买盘占优）
[2025-12-05 21:48:52] 
📤 准备下单:
[2025-12-05 21:48:52]    方向: 买入（做多）
[2025-12-05 21:48:52]    价格: 90446.30 USDT
[2025-12-05 21:48:52]    数量: 0.01 BTC
[2025-12-05 21:48:54]    ❌ 下单失败: {'code': '1', 'data': [{'clOrdId': 'strategy_1764942532361', 'ordId': '', 'sCode': '51000', 'sMsg': 'Parameter clOrdId error', 'tag': '', 'ts': '1764942533913'}], 'inTime': '1764942533913205', 'msg': 'All operations failed', 'outTime': '1764942533913427'}
[2025-12-05 21:48:54] 
📊 K线更新: O=90334.0, H=90459.9, L=90334.0, C=90443.7, V=6.0822
[2025-12-05 21:48:54] 
📊 K线更新: O=90334.0, H=90459.9, L=90334.0, C=90443.7, V=6.2548
[2025-12-05 21:49:40] 
📊 策略状态:
[2025-12-05 21:49:40]    持仓: 0.0 BTC
[2025-12-05 21:49:40]    当前价: 90444.5
[2025-12-05 21:49:40]    K线数据: 10根
[2025-12-05 21:49:40]    交易数据: 82笔
