[2025-12-05 21:46:31]    USDT余额: 25622.8868391558
[2025-12-05 21:46:37] 
📊 K线更新: O=90344.6, H=90366.1, L=90311.1, C=90321.9, V=1.8787
[2025-12-05 21:46:37] 
📊 K线更新: O=90344.6, H=90366.1, L=90311.1, C=90331.2, V=1.9763
[2025-12-05 21:46:38] 
📊 K线更新: O=90344.6, H=90366.1, L=90275.4, C=90275.4, V=3.4275
[2025-12-05 21:46:40] 
============================================================
[2025-12-05 21:46:40] 策略开始运行 - 运行时长: 120秒
[2025-12-05 21:46:40] ============================================================
[2025-12-05 21:46:40] 
📊 K线更新: O=90344.6, H=90366.1, L=90269.8, C=90269.8, V=4.0456
[2025-12-05 21:46:40] 
🎯 信号检查:
[2025-12-05 21:46:40]    趋势: 下跌
[2025-12-05 21:46:40]    买盘占比: 0.0%
[2025-12-05 21:46:40]    ✅ 做空信号！（下跌趋势 + 卖盘占优）
[2025-12-05 21:46:40]    ⚠️  现货无法做空，跳过
[2025-12-05 21:46:41] 
📊 K线更新: O=90344.6, H=90366.1, L=90269.8, C=90279.0, V=4.0556
[2025-12-05 21:46:42] 
📊 K线更新: O=90344.6, H=90366.1, L=90269.8, C=90288.7, V=4.0570
[2025-12-05 21:46:42] 
🎯 信号检查:
[2025-12-05 21:46:42]    趋势: 上涨
[2025-12-05 21:46:42]    买盘占比: 100.0%
[2025-12-05 21:46:42]    ✅ 做多信号！（上涨趋势 + 买盘占优）
[2025-12-05 21:46:42]    ❌ 无最新行情，无法下单
[2025-12-05 21:46:44] 
📊 K线更新: O=90344.6, H=90366.1, L=90269.8, C=90276.4, V=4.0992
[2025-12-05 21:46:46] 
📊 K线更新: O=90344.6, H=90366.1, L=90261.7, C=90261.7, V=4.5549
[2025-12-05 21:46:46] 
🎯 信号检查:
[2025-12-05 21:46:46]    趋势: 下跌
[2025-12-05 21:46:46]    买盘占比: 0.0%
[2025-12-05 21:46:46]    ✅ 做空信号！（下跌趋势 + 卖盘占优）
[2025-12-05 21:46:46]    ⚠️  现货无法做空，跳过
[2025-12-05 21:46:47] 
📊 K线更新: O=90344.6, H=90366.1, L=90260.8, C=90260.8, V=4.7948
[2025-12-05 21:46:47] 
🎯 信号检查:
[2025-12-05 21:46:47]    趋势: 下跌
[2025-12-05 21:46:47]    买盘占比: 0.0%
[2025-12-05 21:46:47]    ✅ 做空信号！（下跌趋势 + 卖盘占优）
[2025-12-05 21:46:47]    ⚠️  现货无法做空，跳过
[2025-12-05 21:46:48] 
📊 K线更新: O=90344.6, H=90366.1, L=90260.8, C=90275.4, V=5.0948
[2025-12-05 21:46:49] 
📊 K线更新: O=90344.6, H=90366.1, L=90260.8, C=90268.9, V=5.1743
[2025-12-05 21:46:50] 
📊 K线更新: O=90344.6, H=90366.1, L=90260.8, C=90274.0, V=5.5610
[2025-12-05 21:46:51] 
📊 K线更新: O=90344.6, H=90366.1, L=90260.8, C=90293.4, V=5.6117
[2025-12-05 21:46:51] 
🎯 信号检查:
[2025-12-05 21:46:51]    趋势: 上涨
[2025-12-05 21:46:51]    买盘占比: 93.1%
[2025-12-05 21:46:51]    ✅ 做多信号！（上涨趋势 + 买盘占优）
[2025-12-05 21:46:51]    ❌ 无最新行情，无法下单
[2025-12-05 21:46:52] 
📊 K线更新: O=90344.6, H=90366.1, L=90260.8, C=90303.7, V=6.2087
[2025-12-05 21:46:52] 
🎯 信号检查:
[2025-12-05 21:46:52]    趋势: 上涨
[2025-12-05 21:46:52]    买盘占比: 100.0%
[2025-12-05 21:46:52]    ✅ 做多信号！（上涨趋势 + 买盘占优）
[2025-12-05 21:46:52]    ❌ 无最新行情，无法下单
[2025-12-05 21:46:53] 
📊 K线更新: O=90344.6, H=90366.1, L=90260.8, C=90299.1, V=6.5270
[2025-12-05 21:46:55] 
📊 K线更新: O=90344.6, H=90366.1, L=90260.8, C=90296.3, V=6.8352
[2025-12-05 21:46:55] 
🎯 信号检查:
[2025-12-05 21:46:55]    趋势: 下跌
[2025-12-05 21:46:55]    买盘占比: 49.2%
[2025-12-05 21:46:56] 
📊 K线更新: O=90344.6, H=90366.1, L=90260.8, C=90306.5, V=6.9664
[2025-12-05 21:46:56] 
📊 K线更新: O=90344.6, H=90366.1, L=90260.8, C=90315.2, V=8.6984
[2025-12-05 21:46:56] 
🎯 信号检查:
[2025-12-05 21:46:56]    趋势: 上涨
[2025-12-05 21:46:56]    买盘占比: 46.3%
[2025-12-05 21:46:57] 
📊 K线更新: O=90344.6, H=90366.1, L=90260.8, C=90319.5, V=10.0999
[2025-12-05 21:46:57] 
🎯 信号检查:
[2025-12-05 21:46:57]    趋势: 上涨
[2025-12-05 21:46:57]    买盘占比: 100.0%
[2025-12-05 21:46:57]    ✅ 做多信号！（上涨趋势 + 买盘占优）
[2025-12-05 21:46:57]    ❌ 无最新行情，无法下单
[2025-12-05 21:46:59] 
📊 K线更新: O=90344.6, H=90366.1, L=90260.8, C=90329.5, V=10.1612
[2025-12-05 21:46:59] 
🎯 信号检查:
[2025-12-05 21:46:59]    趋势: 上涨
[2025-12-05 21:46:59]    买盘占比: 7.0%
[2025-12-05 21:46:59] 
📊 K线更新: O=90344.6, H=90366.1, L=90260.8, C=90337.8, V=10.2103
[2025-12-05 21:46:59] 
🎯 信号检查:
[2025-12-05 21:46:59]    趋势: 上涨
[2025-12-05 21:46:59]    买盘占比: 0.0%
[2025-12-05 21:47:00] 
📊 K线更新: O=90344.6, H=90366.1, L=90260.8, C=90335.4, V=10.2408
[2025-12-05 21:47:00] 
📊 K线更新: O=90344.6, H=90366.1, L=90260.8, C=90335.4, V=10.2408
[2025-12-05 21:47:00] 
📊 K线更新: O=90335.4, H=90335.4, L=90335.4, C=90335.4, V=0.0000
[2025-12-05 21:47:01] 
📊 K线更新: O=90340.7, H=90355.7, L=90340.7, C=90355.7, V=0.0681
