[2025-12-05 21:55:05]    USDT余额: 26623.8868391558
[2025-12-05 21:55:10] 
📊 K线更新: O=90619.9, H=90640.9, L=90619.9, C=90640.9, V=0.6922
[2025-12-05 21:55:11] 
📊 K线更新: O=90619.9, H=90674.2, L=90619.9, C=90674.2, V=0.8380
[2025-12-05 21:55:12] 
📊 K线更新: O=90619.9, H=90677.3, L=90619.9, C=90677.3, V=0.9631
[2025-12-05 21:55:12] 
🎯 信号检查:
[2025-12-05 21:55:12]    趋势: 上涨
[2025-12-05 21:55:12]    买盘占比: 100.0%
[2025-12-05 21:55:12]    ✅ 做多信号！（上涨趋势 + 买盘占优）
[2025-12-05 21:55:12] 
📤 准备下单:
[2025-12-05 21:55:12]    方向: 买入（做多）
[2025-12-05 21:55:12]    价格: 90678.00 USDT
[2025-12-05 21:55:12]    数量: 0.01 BTC
[2025-12-05 21:55:13]    ❌ 下单失败: {'code': '1', 'data': [{'clOrdId': 'trend_0b139e74441e4f70', 'ordId': '', 'sCode': '51000', 'sMsg': 'Parameter clOrdId error', 'tag': '', 'ts': '1764942913795'}], 'inTime': '1764942913794919', 'msg': 'All operations failed', 'outTime': '1764942913795039'}
[2025-12-05 21:55:13] 
============================================================
[2025-12-05 21:55:13] 策略开始运行 - 运行时长: 120秒
[2025-12-05 21:55:13] ============================================================
[2025-12-05 21:55:14] 
📊 K线更新: O=90619.9, H=90682.0, L=90619.9, C=90682.0, V=0.9703
[2025-12-05 21:55:14] 
🎯 信号检查:
[2025-12-05 21:55:14]    趋势: 上涨
[2025-12-05 21:55:14]    买盘占比: 100.0%
[2025-12-05 21:55:14]    ✅ 做多信号！（上涨趋势 + 买盘占优）
[2025-12-05 21:55:14] 
📤 准备下单:
[2025-12-05 21:55:14]    方向: 买入（做多）
[2025-12-05 21:55:14]    价格: 90682.70 USDT
[2025-12-05 21:55:14]    数量: 0.01 BTC
[2025-12-05 21:55:14]    ❌ 下单失败: {'code': '1', 'data': [{'clOrdId': 'trend_2658cc88835a4123', 'ordId': '', 'sCode': '51000', 'sMsg': 'Parameter clOrdId error', 'tag': '', 'ts': '1764942914703'}], 'inTime': '1764942914703050', 'msg': 'All operations failed', 'outTime': '1764942914703192'}
[2025-12-05 21:55:15] 
📊 K线更新: O=90619.9, H=90682.0, L=90619.9, C=90677.0, V=1.1747
[2025-12-05 21:55:16] 
📊 K线更新: O=90619.9, H=90682.0, L=90619.9, C=90674.7, V=1.2178
[2025-12-05 21:55:16] 
🎯 信号检查:
[2025-12-05 21:55:16]    趋势: 下跌
[2025-12-05 21:55:16]    买盘占比: 0.0%
[2025-12-05 21:55:16]    ✅ 做空信号！（下跌趋势 + 卖盘占优）
[2025-12-05 21:55:16]    ⚠️  现货无法做空，跳过
[2025-12-05 21:55:18] 
📊 K线更新: O=90619.9, H=90682.0, L=90619.9, C=90680.2, V=1.2180
[2025-12-05 21:55:21] 
📊 K线更新: O=90619.9, H=90682.0, L=90619.9, C=90674.6, V=1.4875
[2025-12-05 21:55:22] 
📊 K线更新: O=90619.9, H=90682.0, L=90619.9, C=90667.1, V=1.6776
[2025-12-05 21:55:22] 
🎯 信号检查:
[2025-12-05 21:55:22]    趋势: 下跌
[2025-12-05 21:55:22]    买盘占比: 0.0%
[2025-12-05 21:55:22]    ✅ 做空信号！（下跌趋势 + 卖盘占优）
[2025-12-05 21:55:22]    ⚠️  现货无法做空，跳过
[2025-12-05 21:55:23] 
📊 K线更新: O=90619.9, H=90682.0, L=90619.9, C=90659.0, V=1.8773
[2025-12-05 21:55:23] 
🎯 信号检查:
[2025-12-05 21:55:23]    趋势: 下跌
[2025-12-05 21:55:23]    买盘占比: 100.0%
[2025-12-05 21:55:24] 
📊 K线更新: O=90619.9, H=90682.0, L=90619.9, C=90658.1, V=2.0306
[2025-12-05 21:55:24] 
🎯 信号检查:
[2025-12-05 21:55:24]    趋势: 下跌
[2025-12-05 21:55:24]    买盘占比: 0.0%
[2025-12-05 21:55:24]    ✅ 做空信号！（下跌趋势 + 卖盘占优）
[2025-12-05 21:55:24]    ⚠️  现货无法做空，跳过
[2025-12-05 21:55:26] 
📊 K线更新: O=90619.9, H=90682.0, L=90619.9, C=90669.3, V=2.2901
[2025-12-05 21:55:27] 
📊 K线更新: O=90619.9, H=90682.0, L=90619.9, C=90680.1, V=2.3581
[2025-12-05 21:55:27] 
🎯 信号检查:
[2025-12-05 21:55:27]    趋势: 上涨
[2025-12-05 21:55:27]    买盘占比: 100.0%
[2025-12-05 21:55:27]    ✅ 做多信号！（上涨趋势 + 买盘占优）
[2025-12-05 21:55:27] 
📤 准备下单:
[2025-12-05 21:55:27]    方向: 买入（做多）
[2025-12-05 21:55:27]    价格: 90680.50 USDT
[2025-12-05 21:55:27]    数量: 0.01 BTC
[2025-12-05 21:55:28]    ❌ 下单失败: {'code': '1', 'data': [{'clOrdId': 'trend_43643f1427d34f78', 'ordId': '', 'sCode': '51000', 'sMsg': 'Parameter clOrdId error', 'tag': '', 'ts': '1764942928027'}], 'inTime': '1764942928027761', 'msg': 'All operations failed', 'outTime': '1764942928027903'}
[2025-12-05 21:55:28] 
📊 K线更新: O=90619.9, H=90689.0, L=90619.9, C=90689.0, V=2.5621
[2025-12-05 21:55:28] 
🎯 信号检查:
[2025-12-05 21:55:28]    趋势: 上涨
[2025-12-05 21:55:28]    买盘占比: 96.4%
[2025-12-05 21:55:28]    ✅ 做多信号！（上涨趋势 + 买盘占优）
[2025-12-05 21:55:28] 
📤 准备下单:
[2025-12-05 21:55:28]    方向: 买入（做多）
[2025-12-05 21:55:28]    价格: 90689.00 USDT
[2025-12-05 21:55:28]    数量: 0.01 BTC
[2025-12-05 21:55:29]    ❌ 下单失败: {'code': '1', 'data': [{'clOrdId': 'trend_cc35a0648af74b7d', 'ordId': '', 'sCode': '51000', 'sMsg': 'Parameter clOrdId error', 'tag': '', 'ts': '1764942929281'}], 'inTime': '1764942929281468', 'msg': 'All operations failed', 'outTime': '1764942929281614'}
[2025-12-05 21:55:29] 
📊 K线更新: O=90619.9, H=90689.0, L=90619.9, C=90685.3, V=2.6149
[2025-12-05 21:55:31] 
📊 K线更新: O=90619.9, H=90689.0, L=90619.9, C=90667.7, V=2.7130
[2025-12-05 21:55:31] 
🎯 信号检查:
[2025-12-05 21:55:31]    趋势: 下跌
[2025-12-05 21:55:31]    买盘占比: 0.0%
[2025-12-05 21:55:31]    ✅ 做空信号！（下跌趋势 + 卖盘占优）
[2025-12-05 21:55:31]    ⚠️  现货无法做空，跳过
[2025-12-05 21:55:32] 
📊 K线更新: O=90619.9, H=90689.0, L=90619.9, C=90651.9, V=3.1262
[2025-12-05 21:55:32] 
🎯 信号检查:
[2025-12-05 21:55:32]    趋势: 下跌
[2025-12-05 21:55:32]    买盘占比: 0.0%
[2025-12-05 21:55:32]    ✅ 做空信号！（下跌趋势 + 卖盘占优）
[2025-12-05 21:55:32]    ⚠️  现货无法做空，跳过
[2025-12-05 21:55:33] 
📊 K线更新: O=90619.9, H=90689.0, L=90619.9, C=90650.9, V=3.1613
[2025-12-05 21:55:33] 
🎯 信号检查:
[2025-12-05 21:55:33]    趋势: 下跌
[2025-12-05 21:55:33]    买盘占比: 0.0%
[2025-12-05 21:55:33]    ✅ 做空信号！（下跌趋势 + 卖盘占优）
[2025-12-05 21:55:33]    ⚠️  现货无法做空，跳过
[2025-12-05 21:55:34] 
📊 K线更新: O=90619.9, H=90689.0, L=90619.9, C=90652.0, V=3.1623
[2025-12-05 21:56:13] 
📊 策略状态:
[2025-12-05 21:56:13]    持仓: 0.0 BTC
[2025-12-05 21:56:13]    当前价: 90651.9
[2025-12-05 21:56:13]    K线数据: 10根
[2025-12-05 21:56:13]    交易数据: 100笔
[2025-12-05 21:57:13] 
============================================================
[2025-12-05 21:57:13] 策略运行结束
[2025-12-05 21:57:13] ============================================================
[2025-12-05 21:57:13] 
📊 最终状态:
[2025-12-05 21:57:13]    持仓: 0.0 BTC
[2025-12-05 21:57:13]    K线数据: 10根
[2025-12-05 21:57:13]    交易数据: 100笔
